basename ghostlog           # give a unique name to file output
directoryname results       # name of folder to store stuff in

startTime 0                 # start time of model f64
endTime 100                 # stop time of model f64
numberOfParticles 96600     # number of runs int64 Can handle up to 2^64-1 particles
waveAmplitudeModifier 15    # normalized wave large amplitude .1 for small 15 for large
lossConeAngle 8             # degrees
saveDecimation 10000        # data from integrator is downsampled by this much so that postprocessing is easier

L 6                         # L shell f64
omegam 0.35                 # whistler freq (normalized to gyrofreq) f64
Omegape 5                   # plasma freq (normalized to gyrofreq) L = 0 for now

# initial conditions 
z0 0
lambda0 0
a 3                         # exp(-a * (cos(Φ/dΦ)^2))
dPhi 100                    # exp(-a * (cos(Φ/dΦ)^2))
ELo 50
EHi 1000
Esteps 20
PALo 10
PAHi 90
PAsteps 21

# simulation parameters
numberOfThreads 16
batches 161


# for n in {1..10}; do julia runEnsemble.jl; done[ Info: ^^Used this setup configuration file^^^
[ Info: Imported helperFunctions.jl
[ Info: using 16 CPU threads of 16 available threads.
[ Info: Generating a flat particle distribution with
[ Info: 20.0 steps of energy from 50.0 KeV to 1000.0 KeV
[ Info: 21.0 steps of pitch angles from 10.0 deg to 90.0 deg
[ Info: Flat distribution with 230.0 particles/bin in 420.0 bins
[ Info: Created Initial Conditions for 96600 particles
[ Info: All prepped, running model on 96600 particles.
[ Info: Each batch will simulate 600 particles for 100.0 dt and correspond with 1.0%
[ Info:  started timer at: 2021-08-23T21:22:04.736
[ Info:  started timer at: 2021-08-23T21:22:06.890
[ Info: 600 particles simulated in:
[ Info:          296.0948972s: 4 minutes, 56 seconds, 94 milliseconds
[ Info: 1.0% complete...
[ Info:  started timer at: 2021-08-23T21:27:03.106
[ Info: 600 particles simulated in:
[ Info:          293.5476074s: 4 minutes, 53 seconds, 547 milliseconds
[ Info: 2.0% complete...
[ Info:  started timer at: 2021-08-23T21:31:56.654
[ Info: 600 particles simulated in:
[ Info:          277.5155335s: 4 minutes, 37 seconds, 515 milliseconds
[ Info: 3.0% complete...
[ Info:  started timer at: 2021-08-23T21:36:34.170
[ Info: 600 particles simulated in:
[ Info:          323.5508725s: 5 minutes, 23 seconds, 550 milliseconds
[ Info: 4.0% complete...
[ Info:  started timer at: 2021-08-23T21:41:57.724
[ Info: 600 particles simulated in:
[ Info:          336.2294461s: 5 minutes, 36 seconds, 229 milliseconds
[ Info: 5.0% complete...
[ Info:  started timer at: 2021-08-23T21:47:33.953
[ Info: 600 particles simulated in:
[ Info:          376.8753321s: 6 minutes, 16 seconds, 875 milliseconds
[ Info: 6.0% complete...
[ Info:  started timer at: 2021-08-23T21:53:50.829
[ Info: 600 particles simulated in:
[ Info:          462.6468859s: 7 minutes, 42 seconds, 646 milliseconds
[ Info: 7.0% complete...
[ Info:  started timer at: 2021-08-23T22:01:33.476
[ Info: 600 particles simulated in:
[ Info:          458.2282278s: 7 minutes, 38 seconds, 228 milliseconds
[ Info: 8.0% complete...
[ Info:  started timer at: 2021-08-23T22:09:11.704
[ Info: 600 particles simulated in:
[ Info:          294.6420174s: 4 minutes, 54 seconds, 642 milliseconds
[ Info: 9.0% complete...
[ Info:  started timer at: 2021-08-23T22:14:06.346
[ Info: 600 particles simulated in:
[ Info:            352.10897s: 5 minutes, 52 seconds, 108 milliseconds
[ Info: 10.0% complete...
[ Info:  started timer at: 2021-08-23T22:19:58.455
[ Info: 600 particles simulated in:
[ Info:           411.814768s: 6 minutes, 51 seconds, 814 milliseconds
[ Info: 11.0% complete...
[ Info:  started timer at: 2021-08-23T22:26:50.270
[ Info: 600 particles simulated in:
[ Info:          460.3384426s: 7 minutes, 40 seconds, 338 milliseconds
[ Info: 12.0% complete...
[ Info:  started timer at: 2021-08-23T22:34:30.609
[ Info: 600 particles simulated in:
[ Info:          449.8387747s: 7 minutes, 29 seconds, 838 milliseconds
[ Info: 13.0% complete...
[ Info:  started timer at: 2021-08-23T22:42:00.448
[ Info: 600 particles simulated in:
[ Info:          483.9482524s: 8 minutes, 3 seconds, 948 milliseconds
[ Info: 14.0% complete...
[ Info:  started timer at: 2021-08-23T22:50:04.396
[ Info: 600 particles simulated in:
[ Info:          517.2010584s: 8 minutes, 37 seconds, 201 milliseconds
[ Info: 15.0% complete...
[ Info:  started timer at: 2021-08-23T22:58:41.597
[ Info: 600 particles simulated in:
[ Info:          440.0363954s: 7 minutes, 20 seconds, 36 milliseconds
[ Info: 16.0% complete...
[ Info:  started timer at: 2021-08-23T23:06:01.634
[ Info: 600 particles simulated in:
[ Info:          346.6503508s: 5 minutes, 46 seconds, 650 milliseconds
[ Info: 17.0% complete...
[ Info:  started timer at: 2021-08-23T23:11:48.284
[ Info: 600 particles simulated in:
[ Info:          416.9144786s: 6 minutes, 56 seconds, 914 milliseconds
[ Info: 18.0% complete...
[ Info:  started timer at: 2021-08-23T23:18:45.199
[ Info: 600 particles simulated in:
[ Info:          440.1614117s: 7 minutes, 20 seconds, 161 milliseconds
[ Info: 19.0% complete...
[ Info:  started timer at: 2021-08-23T23:26:05.360
[ Info: 600 particles simulated in:
[ Info:          499.0650087s: 8 minutes, 19 seconds, 65 milliseconds
[ Info: 20.0% complete...
[ Info:  started timer at: 2021-08-23T23:34:24.425
[ Info: 600 particles simulated in:
[ Info:          484.6571409s: 8 minutes, 4 seconds, 657 milliseconds
[ Info: 21.0% complete...
[ Info:  started timer at: 2021-08-23T23:42:29.083
[ Info: 600 particles simulated in:
[ Info:          483.5802171s: 8 minutes, 3 seconds, 580 milliseconds
[ Info: 22.0% complete...
[ Info:  started timer at: 2021-08-23T23:50:32.663
[ Info: 600 particles simulated in:
[ Info:          513.1603165s: 8 minutes, 33 seconds, 160 milliseconds
[ Info: 23.0% complete...
[ Info:  started timer at: 2021-08-23T23:59:05.823
[ Info: 600 particles simulated in:
[ Info:          411.9256518s: 6 minutes, 51 seconds, 925 milliseconds
[ Info: 24.0% complete...
[ Info:  started timer at: 2021-08-24T00:05:57.749
[ Info: 600 particles simulated in:
[ Info:          419.8600752s: 6 minutes, 59 seconds, 860 milliseconds
[ Info: 25.0% complete...
[ Info:  started timer at: 2021-08-24T00:12:57.609
[ Info: 600 particles simulated in:
[ Info:          439.5917497s: 7 minutes, 19 seconds, 591 milliseconds
[ Info: 26.0% complete...
[ Info:  started timer at: 2021-08-24T00:20:17.201
[ Info: 600 particles simulated in:
[ Info:          495.6470055s: 8 minutes, 15 seconds, 647 milliseconds
[ Info: 27.0% complete...
[ Info:  started timer at: 2021-08-24T00:28:32.848
[ Info: 600 particles simulated in:
[ Info:          512.8268967s: 8 minutes, 32 seconds, 826 milliseconds
[ Info: 28.0% complete...
[ Info:  started timer at: 2021-08-24T00:37:05.675
[ Info: 600 particles simulated in:
[ Info:          465.2567296s: 7 minutes, 45 seconds, 256 milliseconds
[ Info: 29.0% complete...
[ Info:  started timer at: 2021-08-24T00:44:50.932
[ Info: 600 particles simulated in:
[ Info:          470.1986527s: 7 minutes, 50 seconds, 198 milliseconds
[ Info: 30.0% complete...
[ Info:  started timer at: 2021-08-24T00:52:41.131
[ Info: 600 particles simulated in:
[ Info:          500.1781007s: 8 minutes, 20 seconds, 178 milliseconds
[ Info: 31.0% complete...
[ Info:  started timer at: 2021-08-24T01:01:01.309
[ Info: 600 particles simulated in:
[ Info:          461.5981838s: 7 minutes, 41 seconds, 598 milliseconds
[ Info: 32.0% complete...
[ Info:  started timer at: 2021-08-24T01:08:42.907
[ Info: 600 particles simulated in:
[ Info:          497.9375274s: 8 minutes, 17 seconds, 937 milliseconds
[ Info: 33.0% complete...
[ Info:  started timer at: 2021-08-24T01:17:00.845
[ Info: 600 particles simulated in:
[ Info:          460.1676678s: 7 minutes, 40 seconds, 167 milliseconds
[ Info: 34.0% complete...
[ Info:  started timer at: 2021-08-24T01:24:41.013
[ Info: 600 particles simulated in:
[ Info:          506.2336155s: 8 minutes, 26 seconds, 233 milliseconds
[ Info: 35.0% complete...
[ Info:  started timer at: 2021-08-24T01:33:07.247
[ Info: 600 particles simulated in:
[ Info:          499.2252535s: 8 minutes, 19 seconds, 225 milliseconds
[ Info: 36.0% complete...
[ Info:  started timer at: 2021-08-24T01:41:26.472
[ Info: 600 particles simulated in:
[ Info:          466.9378684s: 7 minutes, 46 seconds, 937 milliseconds
[ Info: 37.0% complete...
[ Info:  started timer at: 2021-08-24T01:49:13.410
[ Info: 600 particles simulated in:
[ Info:          468.1241076s: 7 minutes, 48 seconds, 124 milliseconds
[ Info: 38.0% complete...
[ Info:  started timer at: 2021-08-24T01:57:01.535
[ Info: 600 particles simulated in:
[ Info:          471.5691361s: 7 minutes, 51 seconds, 569 milliseconds
[ Info: 39.0% complete...
[ Info:  started timer at: 2021-08-24T02:04:53.104
[ Info: 600 particles simulated in:
[ Info:          461.5594465s: 7 minutes, 41 seconds, 559 milliseconds
[ Info: 40.0% complete...
[ Info:  started timer at: 2021-08-24T02:12:34.663
[ Info: 600 particles simulated in:
[ Info:          478.6443979s: 7 minutes, 58 seconds, 644 milliseconds
[ Info: 41.0% complete...
[ Info:  started timer at: 2021-08-24T02:20:33.308
[ Info: 600 particles simulated in:
[ Info:          484.1921376s: 8 minutes, 4 seconds, 192 milliseconds
[ Info: 42.0% complete...
[ Info:  started timer at: 2021-08-24T02:28:37.500
[ Info: 600 particles simulated in:
[ Info:           527.598327s: 8 minutes, 47 seconds, 598 milliseconds
[ Info: 43.0% complete...
[ Info:  started timer at: 2021-08-24T02:37:25.098
[ Info: 600 particles simulated in:
[ Info:          503.1324701s: 8 minutes, 23 seconds, 132 milliseconds
[ Info: 44.0% complete...
[ Info:  started timer at: 2021-08-24T02:45:48.231
[ Info: 600 particles simulated in:
[ Info:          471.7258754s: 7 minutes, 51 seconds, 725 milliseconds
[ Info: 45.0% complete...
[ Info:  started timer at: 2021-08-24T02:53:39.957
[ Info: 600 particles simulated in:
[ Info:          494.1314665s: 8 minutes, 14 seconds, 131 milliseconds
[ Info: 46.0% complete...
[ Info:  started timer at: 2021-08-24T03:01:54.089
[ Info: 600 particles simulated in:
[ Info:          465.3812961s: 7 minutes, 45 seconds, 381 milliseconds
[ Info: 47.0% complete...
[ Info:  started timer at: 2021-08-24T03:09:39.470
[ Info: 600 particles simulated in:
[ Info:          454.2680707s: 7 minutes, 34 seconds, 268 milliseconds
[ Info: 48.0% complete...
[ Info:  started timer at: 2021-08-24T03:17:13.738
[ Info: 600 particles simulated in:
[ Info:          478.4188842s: 7 minutes, 58 seconds, 418 milliseconds
[ Info: 49.0% complete...
[ Info:  started timer at: 2021-08-24T03:25:12.157
[ Info: 600 particles simulated in:
[ Info:          507.8386754s: 8 minutes, 27 seconds, 838 milliseconds
[ Info: 50.0% complete...
[ Info:  started timer at: 2021-08-24T03:33:39.996
[ Info: 600 particles simulated in:
[ Info:          493.6531606s: 8 minutes, 13 seconds, 653 milliseconds
[ Info: 51.0% complete...
[ Info:  started timer at: 2021-08-24T03:41:53.649
[ Info: 600 particles simulated in:
[ Info:          460.0941303s: 7 minutes, 40 seconds, 94 milliseconds
[ Info: 52.0% complete...
[ Info:  started timer at: 2021-08-24T03:49:33.743
[ Info: 600 particles simulated in:
[ Info:          479.2146501s: 7 minutes, 59 seconds, 214 milliseconds
[ Info: 53.0% complete...
[ Info:  started timer at: 2021-08-24T03:57:32.958
[ Info: 600 particles simulated in:
[ Info:          494.5836421s: 8 minutes, 14 seconds, 583 milliseconds
[ Info: 54.0% complete...
[ Info:  started timer at: 2021-08-24T04:05:47.542
[ Info: 600 particles simulated in:
[ Info:          460.7376772s: 7 minutes, 40 seconds, 737 milliseconds
[ Info: 55.0% complete...
[ Info:  started timer at: 2021-08-24T04:13:28.280
[ Info: 600 particles simulated in:
[ Info:          453.3416535s: 7 minutes, 33 seconds, 341 milliseconds
[ Info: 56.0% complete...
[ Info:  started timer at: 2021-08-24T04:21:01.621
[ Info: 600 particles simulated in:
[ Info:          475.3850444s: 7 minutes, 55 seconds, 385 milliseconds
[ Info: 57.0% complete...
[ Info:  started timer at: 2021-08-24T04:28:57.007
[ Info: 600 particles simulated in:
[ Info:          503.0357796s: 8 minutes, 23 seconds, 35 milliseconds
[ Info: 58.0% complete...
[ Info:  started timer at: 2021-08-24T04:37:20.042
[ Info: 600 particles simulated in:
[ Info:          459.6963436s: 7 minutes, 39 seconds, 696 milliseconds
[ Info: 59.0% complete...
[ Info:  started timer at: 2021-08-24T04:44:59.739
[ Info: 600 particles simulated in:
[ Info:          471.1209663s: 7 minutes, 51 seconds, 120 milliseconds
[ Info: 60.0% complete...
[ Info:  started timer at: 2021-08-24T04:52:50.860
[ Info: 600 particles simulated in:
[ Info:          502.7678118s: 8 minutes, 22 seconds, 767 milliseconds
[ Info: 61.0% complete...
[ Info:  started timer at: 2021-08-24T05:01:13.628
[ Info: 600 particles simulated in:
[ Info:          479.1911082s: 7 minutes, 59 seconds, 191 milliseconds
[ Info: 62.0% complete...
[ Info:  started timer at: 2021-08-24T05:09:12.819
[ Info: 600 particles simulated in:
[ Info:          443.5400565s: 7 minutes, 23 seconds, 540 milliseconds
[ Info: 63.0% complete...
[ Info:  started timer at: 2021-08-24T05:16:36.359
[ Info: 600 particles simulated in:
[ Info:          467.7080254s: 7 minutes, 47 seconds, 708 milliseconds
[ Info: 64.0% complete...
[ Info:  started timer at: 2021-08-24T05:24:24.067
[ Info: 600 particles simulated in:
[ Info:          501.5915133s: 8 minutes, 21 seconds, 591 milliseconds
[ Info: 65.0% complete...
[ Info:  started timer at: 2021-08-24T05:32:45.659
[ Info: 600 particles simulated in:
[ Info:          485.6110937s: 8 minutes, 5 seconds, 611 milliseconds
[ Info: 66.0% complete...
[ Info:  started timer at: 2021-08-24T05:40:51.270
[ Info: 600 particles simulated in:
[ Info:          460.0162055s: 7 minutes, 40 seconds, 16 milliseconds
[ Info: 67.0% complete...
[ Info:  started timer at: 2021-08-24T05:48:31.286
[ Info: 600 particles simulated in:
[ Info:          468.1396808s: 7 minutes, 48 seconds, 139 milliseconds
[ Info: 68.0% complete...
[ Info:  started timer at: 2021-08-24T05:56:19.426
[ Info: 600 particles simulated in:
[ Info:          502.2753172s: 8 minutes, 22 seconds, 275 milliseconds
[ Info: 69.0% complete...
[ Info:  started timer at: 2021-08-24T06:04:41.702
[ Info: 600 particles simulated in:
[ Info:          448.6563292s: 7 minutes, 28 seconds, 656 milliseconds
[ Info: 70.0% complete...
[ Info:  started timer at: 2021-08-24T06:12:10.358
[ Info: 600 particles simulated in:
[ Info:          455.2043556s: 7 minutes, 35 seconds, 204 milliseconds
[ Info: 71.0% complete...
[ Info:  started timer at: 2021-08-24T06:19:45.562
[ Info: 600 particles simulated in:
[ Info:          488.2936155s: 8 minutes, 8 seconds, 293 milliseconds
[ Info: 72.0% complete...
[ Info:  started timer at: 2021-08-24T06:27:53.856
[ Info: 600 particles simulated in:
[ Info:          505.3980658s: 8 minutes, 25 seconds, 398 milliseconds
[ Info: 73.0% complete...
[ Info:  started timer at: 2021-08-24T06:36:19.254
[ Info: 600 particles simulated in:
[ Info:          461.3145981s: 7 minutes, 41 seconds, 314 milliseconds
[ Info: 74.0% complete...
[ Info:  started timer at: 2021-08-24T06:44:00.569
[ Info: 600 particles simulated in:
[ Info:          461.0692184s: 7 minutes, 41 seconds, 69 milliseconds
[ Info: 75.0% complete...
[ Info:  started timer at: 2021-08-24T06:51:41.638
[ Info: 600 particles simulated in:
[ Info:          493.0693475s: 8 minutes, 13 seconds, 69 milliseconds
[ Info: 76.0% complete...
[ Info:  started timer at: 2021-08-24T06:59:54.708
[ Info: 600 particles simulated in:
[ Info:          497.6226191s: 8 minutes, 17 seconds, 622 milliseconds
[ Info: 77.0% complete...
[ Info:  started timer at: 2021-08-24T07:08:12.331
[ Info: 600 particles simulated in:
[ Info:          447.5113935s: 7 minutes, 27 seconds, 511 milliseconds
[ Info: 78.0% complete...
[ Info:  started timer at: 2021-08-24T07:15:39.842
[ Info: 600 particles simulated in:
[ Info:          459.4648386s: 7 minutes, 39 seconds, 464 milliseconds
[ Info: 79.0% complete...
[ Info:  started timer at: 2021-08-24T07:23:19.307
[ Info: 600 particles simulated in:
[ Info:          492.9589162s: 8 minutes, 12 seconds, 958 milliseconds
[ Info: 80.0% complete...
[ Info:  started timer at: 2021-08-24T07:31:32.266
[ Info: 600 particles simulated in:
[ Info:          494.3009179s: 8 minutes, 14 seconds, 300 milliseconds
[ Info: 81.0% complete...
[ Info:  started timer at: 2021-08-24T07:39:46.567
[ Info: 600 particles simulated in:
[ Info:          457.0038055s: 7 minutes, 37 seconds, 3 milliseconds
[ Info: 82.0% complete...
[ Info:  started timer at: 2021-08-24T07:47:23.571
[ Info: 600 particles simulated in:
[ Info:          468.9837658s: 7 minutes, 48 seconds, 983 milliseconds
[ Info: 83.0% complete...
[ Info:  started timer at: 2021-08-24T07:55:12.555
[ Info: 600 particles simulated in:
[ Info:          498.6929476s: 8 minutes, 18 seconds, 692 milliseconds
[ Info: 84.0% complete...
[ Info:  started timer at: 2021-08-24T08:03:31.248
[ Info: 600 particles simulated in:
[ Info:          471.1335866s: 7 minutes, 51 seconds, 133 milliseconds
[ Info: 85.0% complete...
[ Info:  started timer at: 2021-08-24T08:11:22.382
[ Info: 600 particles simulated in:
[ Info:          452.6961109s: 7 minutes, 32 seconds, 696 milliseconds
[ Info: 86.0% complete...
[ Info:  started timer at: 2021-08-24T08:18:55.078
[ Info: 600 particles simulated in:
[ Info:          460.0205081s: 7 minutes, 40 seconds, 20 milliseconds
[ Info: 87.0% complete...
[ Info:  started timer at: 2021-08-24T08:26:35.098
[ Info: 600 particles simulated in:
[ Info:          494.9889144s: 8 minutes, 14 seconds, 988 milliseconds
[ Info: 88.0% complete...
[ Info:  started timer at: 2021-08-24T08:34:50.087
[ Info: 600 particles simulated in:
[ Info:          460.1057378s: 7 minutes, 40 seconds, 105 milliseconds
[ Info: 89.0% complete...
[ Info:  started timer at: 2021-08-24T08:42:30.193
[ Info: 600 particles simulated in:
[ Info:          452.5119328s: 7 minutes, 32 seconds, 511 milliseconds
[ Info: 90.0% complete...
[ Info:  started timer at: 2021-08-24T08:50:02.705
[ Info: 600 particles simulated in:
[ Info:          485.5510034s: 8 minutes, 5 seconds, 551 milliseconds
[ Info: 91.0% complete...
[ Info:  started timer at: 2021-08-24T08:58:08.256
[ Info: 600 particles simulated in:
[ Info:          493.2920591s: 8 minutes, 13 seconds, 292 milliseconds
[ Info: 92.0% complete...
[ Info:  started timer at: 2021-08-24T09:06:21.549
[ Info: 600 particles simulated in:
[ Info:          437.7483678s: 7 minutes, 17 seconds, 748 milliseconds
[ Info: 93.0% complete...
[ Info:  started timer at: 2021-08-24T09:13:39.297
[ Info: 600 particles simulated in:
[ Info:           450.718203s: 7 minutes, 30 seconds, 718 milliseconds
[ Info: 94.0% complete...
[ Info:  started timer at: 2021-08-24T09:21:10.015
[ Info: 600 particles simulated in:
[ Info:          486.7297131s: 8 minutes, 6 seconds, 729 milliseconds
[ Info: 95.0% complete...
[ Info:  started timer at: 2021-08-24T09:29:16.745
[ Info: 600 particles simulated in:
[ Info:          493.6202802s: 8 minutes, 13 seconds, 620 milliseconds
[ Info: 96.0% complete...
[ Info:  started timer at: 2021-08-24T09:37:30.366
[ Info: 600 particles simulated in:
[ Info:          450.3567578s: 7 minutes, 30 seconds, 356 milliseconds
[ Info: 97.0% complete...
[ Info:  started timer at: 2021-08-24T09:45:00.722
[ Info: 600 particles simulated in:
[ Info:          448.7245999s: 7 minutes, 28 seconds, 724 milliseconds
[ Info: 98.0% complete...
[ Info:  started timer at: 2021-08-24T09:52:29.447
[ Info: 600 particles simulated in:
[ Info:          465.8881419s: 7 minutes, 45 seconds, 888 milliseconds
[ Info: 99.0% complete...
[ Info:  started timer at: 2021-08-24T10:00:15.335
[ Info: 600 particles simulated in:
[ Info:          482.1093168s: 8 minutes, 2 seconds, 109 milliseconds
[ Info: 100.0% complete...
[ Info:  started timer at: 2021-08-24T10:08:17.445
[ Info: 600 particles simulated in:
[ Info:            458.86315s: 7 minutes, 38 seconds, 863 milliseconds
[ Info: 101.0% complete...
[ Info:  started timer at: 2021-08-24T10:15:56.308
[ Info: 600 particles simulated in:
[ Info:           476.873231s: 7 minutes, 56 seconds, 873 milliseconds
[ Info: 102.0% complete...
[ Info:  started timer at: 2021-08-24T10:23:53.182
[ Info: 600 particles simulated in:
[ Info:          507.8603794s: 8 minutes, 27 seconds, 860 milliseconds
[ Info: 103.0% complete...
[ Info:  started timer at: 2021-08-24T10:32:21.042
[ Info: 600 particles simulated in:
[ Info:          546.5414143s: 9 minutes, 6 seconds, 541 milliseconds
[ Info: 104.0% complete...
[ Info:  started timer at: 2021-08-24T10:41:27.584
[ Info: 600 particles simulated in:
[ Info:          486.7804922s: 8 minutes, 6 seconds, 780 milliseconds
[ Info: 105.0% complete...
[ Info:  started timer at: 2021-08-24T10:49:34.365
[ Info: 600 particles simulated in:
[ Info:          507.7291828s: 8 minutes, 27 seconds, 729 milliseconds
[ Info: 106.0% complete...
[ Info:  started timer at: 2021-08-24T10:58:02.094
[ Info: 600 particles simulated in:
[ Info:          507.7103442s: 8 minutes, 27 seconds, 710 milliseconds
[ Info: 107.0% complete...
[ Info:  started timer at: 2021-08-24T11:06:29.804
[ Info: 600 particles simulated in:
[ Info:          519.7562309s: 8 minutes, 39 seconds, 756 milliseconds
[ Info: 108.0% complete...
[ Info:  started timer at: 2021-08-24T11:15:09.561
[ Info: 600 particles simulated in:
[ Info:          489.0183259s: 8 minutes, 9 seconds, 18 milliseconds
[ Info: 109.0% complete...
[ Info:  started timer at: 2021-08-24T11:23:18.579
[ Info: 600 particles simulated in:
[ Info:          503.1218954s: 8 minutes, 23 seconds, 121 milliseconds
[ Info: 110.0% complete...
[ Info:  started timer at: 2021-08-24T11:31:41.701
[ Info: 600 particles simulated in:
[ Info:          538.1081659s: 8 minutes, 58 seconds, 108 milliseconds
[ Info: 111.0% complete...
[ Info:  started timer at: 2021-08-24T11:40:39.810
[ Info: 600 particles simulated in:
[ Info:          544.8270668s: 9 minutes, 4 seconds, 827 milliseconds
[ Info: 112.0% complete...
[ Info:  started timer at: 2021-08-24T11:49:44.637
[ Info: 600 particles simulated in:
[ Info:          499.4635702s: 8 minutes, 19 seconds, 463 milliseconds
[ Info: 113.0% complete...
[ Info:  started timer at: 2021-08-24T11:58:04.101
[ Info: 600 particles simulated in:
[ Info:          483.6454104s: 8 minutes, 3 seconds, 645 milliseconds
[ Info: 114.0% complete...
[ Info:  started timer at: 2021-08-24T12:06:07.746
[ Info: 600 particles simulated in:
[ Info:          503.1171338s: 8 minutes, 23 seconds, 117 milliseconds
[ Info: 115.0% complete...
[ Info:  started timer at: 2021-08-24T12:14:30.863
[ Info: 600 particles simulated in:
[ Info:          481.4023735s: 8 minutes, 1 second, 402 milliseconds
[ Info: 116.0% complete...
[ Info:  started timer at: 2021-08-24T12:22:32.266
[ Info: 600 particles simulated in:
[ Info:          454.6911392s: 7 minutes, 34 seconds, 691 milliseconds
[ Info: 117.0% complete...
[ Info:  started timer at: 2021-08-24T12:30:06.957
[ Info: 600 particles simulated in:
[ Info:          469.3715866s: 7 minutes, 49 seconds, 371 milliseconds
[ Info: 118.0% complete...
[ Info:  started timer at: 2021-08-24T12:37:56.329
[ Info: 600 particles simulated in:
[ Info:           499.036406s: 8 minutes, 19 seconds, 36 milliseconds
[ Info: 119.0% complete...
[ Info:  started timer at: 2021-08-24T12:46:15.365
[ Info: 600 particles simulated in:
[ Info:          456.4062003s: 7 minutes, 36 seconds, 406 milliseconds
[ Info: 120.0% complete...
[ Info:  started timer at: 2021-08-24T12:53:51.772
[ Info: 600 particles simulated in:
[ Info:          468.5348297s: 7 minutes, 48 seconds, 534 milliseconds
[ Info: 121.0% complete...
[ Info:  started timer at: 2021-08-24T13:01:40.307
[ Info: 600 particles simulated in:
[ Info:          494.2957149s: 8 minutes, 14 seconds, 295 milliseconds
[ Info: 122.0% complete...
[ Info:  started timer at: 2021-08-24T13:09:54.602
[ Info: 600 particles simulated in:
[ Info:          487.9587864s: 8 minutes, 7 seconds, 958 milliseconds
[ Info: 123.0% complete...
[ Info:  started timer at: 2021-08-24T13:18:02.561
[ Info: 600 particles simulated in:
[ Info:           454.006656s: 7 minutes, 34 seconds, 6 milliseconds
[ Info: 124.0% complete...
[ Info:  started timer at: 2021-08-24T13:25:36.568
[ Info: 600 particles simulated in:
[ Info:          465.8698315s: 7 minutes, 45 seconds, 869 milliseconds
[ Info: 125.0% complete...
[ Info:  started timer at: 2021-08-24T13:33:22.438
[ Info: 600 particles simulated in:
[ Info:          506.1575701s: 8 minutes, 26 seconds, 157 milliseconds
[ Info: 126.0% complete...
[ Info:  started timer at: 2021-08-24T13:41:48.596
[ Info: 600 particles simulated in:
[ Info:          477.4526323s: 7 minutes, 57 seconds, 452 milliseconds
[ Info: 127.0% complete...
[ Info:  started timer at: 2021-08-24T13:49:46.049
[ Info: 600 particles simulated in:
[ Info:          454.1212503s: 7 minutes, 34 seconds, 121 milliseconds
[ Info: 128.0% complete...
[ Info:  started timer at: 2021-08-24T13:57:20.170
[ Info: 600 particles simulated in:
[ Info:          460.1088297s: 7 minutes, 40 seconds, 108 milliseconds
[ Info: 129.0% complete...
[ Info:  started timer at: 2021-08-24T14:05:00.279
[ Info: 600 particles simulated in:
[ Info:           493.535431s: 8 minutes, 13 seconds, 535 milliseconds
[ Info: 130.0% complete...
[ Info:  started timer at: 2021-08-24T14:13:13.815
[ Info: 600 particles simulated in:
[ Info:          459.2447166s: 7 minutes, 39 seconds, 244 milliseconds
[ Info: 131.0% complete...
[ Info:  started timer at: 2021-08-24T14:20:53.059
[ Info: 600 particles simulated in:
[ Info:          456.3208547s: 7 minutes, 36 seconds, 320 milliseconds
[ Info: 132.0% complete...
[ Info:  started timer at: 2021-08-24T14:28:29.380
[ Info: 600 particles simulated in:
[ Info:          488.7324476s: 8 minutes, 8 seconds, 732 milliseconds
[ Info: 133.0% complete...
[ Info:  started timer at: 2021-08-24T14:36:38.113
[ Info: 600 particles simulated in:
[ Info:          495.3548045s: 8 minutes, 15 seconds, 354 milliseconds
[ Info: 134.0% complete...
[ Info:  started timer at: 2021-08-24T14:44:53.468
[ Info: 600 particles simulated in:
[ Info:          453.1246402s: 7 minutes, 33 seconds, 124 milliseconds
[ Info: 135.0% complete...
[ Info:  started timer at: 2021-08-24T14:52:26.592
[ Info: 600 particles simulated in:
[ Info:          456.9323048s: 7 minutes, 36 seconds, 932 milliseconds
[ Info: 136.0% complete...
[ Info:  started timer at: 2021-08-24T15:00:03.525
[ Info: 600 particles simulated in:
[ Info:          490.6701714s: 8 minutes, 10 seconds, 670 milliseconds
[ Info: 137.0% complete...
[ Info:  started timer at: 2021-08-24T15:08:14.195
[ Info: 600 particles simulated in:
[ Info:          486.0419605s: 8 minutes, 6 seconds, 41 milliseconds
[ Info: 138.0% complete...
[ Info:  started timer at: 2021-08-24T15:16:20.237
[ Info: 600 particles simulated in:
[ Info:          450.9245017s: 7 minutes, 30 seconds, 924 milliseconds
[ Info: 139.0% complete...
[ Info:  started timer at: 2021-08-24T15:23:51.162
[ Info: 600 particles simulated in:
[ Info:          450.7071346s: 7 minutes, 30 seconds, 707 milliseconds
[ Info: 140.0% complete...
[ Info:  started timer at: 2021-08-24T15:31:21.869
[ Info: 600 particles simulated in:
[ Info:          476.0652747s: 7 minutes, 56 seconds, 65 milliseconds
[ Info: 141.0% complete...
[ Info:  started timer at: 2021-08-24T15:39:17.934
[ Info: 600 particles simulated in:
[ Info:          479.6927257s: 7 minutes, 59 seconds, 692 milliseconds
[ Info: 142.0% complete...
[ Info:  started timer at: 2021-08-24T15:47:17.627
[ Info: 600 particles simulated in:
[ Info:          452.6497635s: 7 minutes, 32 seconds, 649 milliseconds
[ Info: 143.0% complete...
[ Info:  started timer at: 2021-08-24T15:54:50.277
[ Info: 600 particles simulated in:
[ Info:           450.404387s: 7 minutes, 30 seconds, 404 milliseconds
[ Info: 144.0% complete...
[ Info:  started timer at: 2021-08-24T16:02:20.682
[ Info: 600 particles simulated in:
[ Info:          480.1229948s: 8 minutes, 122 milliseconds
[ Info: 145.0% complete...
[ Info:  started timer at: 2021-08-24T16:10:20.828
[ Info: 600 particles simulated in:
[ Info:          472.1183143s: 7 minutes, 52 seconds, 118 milliseconds
[ Info: 146.0% complete...
[ Info:  started timer at: 2021-08-24T16:18:12.946
[ Info: 600 particles simulated in:
[ Info:          450.5392901s: 7 minutes, 30 seconds, 539 milliseconds
[ Info: 147.0% complete...
[ Info:  started timer at: 2021-08-24T16:25:43.486
[ Info: 600 particles simulated in:
[ Info:          457.2618009s: 7 minutes, 37 seconds, 261 milliseconds
[ Info: 148.0% complete...
[ Info:  started timer at: 2021-08-24T16:33:20.747
[ Info: 600 particles simulated in:
[ Info:          489.7114937s: 8 minutes, 9 seconds, 711 milliseconds
[ Info: 149.0% complete...
[ Info:  started timer at: 2021-08-24T16:41:30.459
[ Info: 600 particles simulated in:
[ Info:          457.4481997s: 7 minutes, 37 seconds, 448 milliseconds
[ Info: 150.0% complete...
[ Info:  started timer at: 2021-08-24T16:49:07.907
[ Info: 600 particles simulated in:
[ Info:          452.2387131s: 7 minutes, 32 seconds, 238 milliseconds
[ Info: 151.0% complete...
[ Info:  started timer at: 2021-08-24T16:56:40.146
[ Info: 600 particles simulated in:
[ Info:          485.1431511s: 8 minutes, 5 seconds, 143 milliseconds
[ Info: 152.0% complete...
[ Info:  started timer at: 2021-08-24T17:04:45.289
[ Info: 600 particles simulated in:
[ Info:          489.3151772s: 8 minutes, 9 seconds, 315 milliseconds
[ Info: 153.0% complete...
[ Info:  started timer at: 2021-08-24T17:12:54.605
[ Info: 600 particles simulated in:
[ Info:          408.3705382s: 6 minutes, 48 seconds, 370 milliseconds
[ Info: 154.0% complete...
[ Info:  started timer at: 2021-08-24T17:19:42.975
[ Info: 600 particles simulated in:
[ Info:          263.2228717s: 4 minutes, 23 seconds, 222 milliseconds
[ Info: 155.0% complete...
[ Info:  started timer at: 2021-08-24T17:24:06.198
[ Info: 600 particles simulated in:
[ Info:          295.6367663s: 4 minutes, 55 seconds, 636 milliseconds
[ Info: 156.0% complete...
[ Info:  started timer at: 2021-08-24T17:29:01.835
[ Info: 600 particles simulated in:
[ Info:          298.6595563s: 4 minutes, 58 seconds, 659 milliseconds
[ Info: 157.0% complete...
[ Info:  started timer at: 2021-08-24T17:34:00.495
[ Info: 600 particles simulated in:
[ Info:          259.8661892s: 4 minutes, 19 seconds, 866 milliseconds
[ Info: 158.0% complete...
[ Info:  started timer at: 2021-08-24T17:38:20.361
[ Info: 600 particles simulated in:
[ Info:          260.3630029s: 4 minutes, 20 seconds, 363 milliseconds
[ Info: 159.0% complete...
[ Info:  started timer at: 2021-08-24T17:42:40.724
[ Info: 600 particles simulated in:
[ Info:          279.1670277s: 4 minutes, 39 seconds, 167 milliseconds
[ Info: 160.0% complete...
[ Info:  started timer at: 2021-08-24T17:47:19.891
[ Info: 600 particles simulated in:
[ Info:          291.8254507s: 4 minutes, 51 seconds, 825 milliseconds
[ Info: 161.0% complete...
[ Info: Total sim time:
[ Info:        73807.3029788s: 20 hours, 30 minutes, 7 seconds, 302 milliseconds
