basename 210429_themis_hilat_hienergy           # give a unique name to file output. finalrun_waveampmodifier_lossconeangle_dlambda_omegam_omegape
directoryname results       # name of folder to store stuff in

startTime 0                 # start time of model f64
endTime 100                 # stop time of model f64
numberOfParticles 96600     # number of runs int64 Can handle up to 2^64-1 particles
waveAmplitudeModifier 18    # normalized wave large amplitude .1 for small 15 for large
lossConeAngle 8             # degrees
saveDecimation 10000        # data from integrator is downsampled by this much so that postprocessing is easier

L 5.2                       # L shell f64
omegam 0.35                 # whistler freq (normalized to gyrofreq) f64
Omegape 8                   # plasma freq (normalized to gyrofreq) L = 0 for now
B_eq_measured 188           # nT

# initial conditions 
z0 0
lambda0 0
dLambda1 2                  # wave intensity grows to max at dLambda1 degrees
dLambda2 40                 # wave intensity decays by 1/e at up to dLambda2 degrees
a 3                         # exp(-a * (cos(Φ/dΦ)^2))
dPhi 30                     # exp(-a * (cos(Φ/dΦ)^2)) number of waves in each packet
ELo 398.1071705534973
EHi 1000
Esteps 5
PALo 10
PAHi 90
PAsteps 21

# simulation parameters
numberOfThreads 10
batches 161


# for n in {1..10}; do julia runEnsemble.jl; done
[ Info: ^^Used this setup configuration file^^^
[ Info: Imported helperFunctions.jl
[ Info: using 10 CPU threads
[ Info: Generating a flat particle distribution with
[ Info: 5.0 steps of energy from 398.1071705534973 KeV to 1000.0 KeV
[ Info: 21.0 steps of pitch angles from 10.0 deg to 90.0 deg
[ Info: Flat distribution with 920.0 particles/bin in 105.0 bins
[ Info: Min integration step of 2.7429571539052482e-5
[ Info: Created Initial Conditions for 96600 particles
[ Info: All prepped, running model on 96600 particles.
[ Info: Using these parameters: [3645.7004024881085, 0.0049373228770294465, 8.0, 0.35, 3.0, 30.0, 2.0, 40.0, 1.027354061877475]
[ Info: Each batch will simulate 600 particles for 100.0 dt and correspond with 1.0%
[ Info:  started timer at: 2022-01-27T01:09:33.596
[ Info:  started timer at: 2022-01-27T01:09:35.054
[ Info: 600 particles simulated in:
[ Info:          235.2813165s: 3 minutes, 55 seconds, 281 milliseconds
[ Info: 1.0% complete...
[ Info:  started timer at: 2022-01-27T01:13:30.416
[ Info: 600 particles simulated in:
[ Info:        234.218762125s: 3 minutes, 54 seconds, 218 milliseconds
[ Info: 2.0% complete...
[ Info:  started timer at: 2022-01-27T01:17:24.634
[ Info: 600 particles simulated in:
[ Info:        235.884960583s: 3 minutes, 55 seconds, 884 milliseconds
[ Info: 3.0% complete...
[ Info:  started timer at: 2022-01-27T01:21:20.518
[ Info: 600 particles simulated in:
[ Info:         253.25573025s: 4 minutes, 13 seconds, 255 milliseconds
[ Info: 4.0% complete...
[ Info:  started timer at: 2022-01-27T01:25:33.766
[ Info: 600 particles simulated in:
[ Info:        271.494941542s: 4 minutes, 31 seconds, 494 milliseconds
[ Info: 5.0% complete...
[ Info:  started timer at: 2022-01-27T01:30:05.259
[ Info: 600 particles simulated in:
[ Info:          281.7230865s: 4 minutes, 41 seconds, 723 milliseconds
[ Info: 6.0% complete...
[ Info:  started timer at: 2022-01-27T01:34:46.980
[ Info: 600 particles simulated in:
[ Info:        290.870778958s: 4 minutes, 50 seconds, 870 milliseconds
[ Info: 7.0% complete...
[ Info:  started timer at: 2022-01-27T01:39:37.849
[ Info: 600 particles simulated in:
[ Info:        290.975307375s: 4 minutes, 50 seconds, 975 milliseconds
[ Info: 8.0% complete...
[ Info:  started timer at: 2022-01-27T01:44:28.823
[ Info: 600 particles simulated in:
[ Info:          286.8223625s: 4 minutes, 46 seconds, 822 milliseconds
[ Info: 9.0% complete...
[ Info:  started timer at: 2022-01-27T01:49:15.708
[ Info: 600 particles simulated in:
[ Info:        290.314544083s: 4 minutes, 50 seconds, 314 milliseconds
[ Info: 10.0% complete...
[ Info:  started timer at: 2022-01-27T01:54:06.026
[ Info: 600 particles simulated in:
[ Info:        295.955597917s: 4 minutes, 55 seconds, 955 milliseconds
[ Info: 11.0% complete...
[ Info:  started timer at: 2022-01-27T01:59:01.985
[ Info: 600 particles simulated in:
[ Info:        299.269412209s: 4 minutes, 59 seconds, 269 milliseconds
[ Info: 12.0% complete...
[ Info:  started timer at: 2022-01-27T02:04:01.258
[ Info: 600 particles simulated in:
[ Info:        298.411942209s: 4 minutes, 58 seconds, 411 milliseconds
[ Info: 13.0% complete...
[ Info:  started timer at: 2022-01-27T02:08:59.673
[ Info: 600 particles simulated in:
[ Info:         298.58076075s: 4 minutes, 58 seconds, 580 milliseconds
[ Info: 14.0% complete...
[ Info:  started timer at: 2022-01-27T02:13:58.258
[ Info: 600 particles simulated in:
[ Info:        298.741831333s: 4 minutes, 58 seconds, 741 milliseconds
[ Info: 15.0% complete...
[ Info:  started timer at: 2022-01-27T02:18:56.988
[ Info: 600 particles simulated in:
[ Info:        301.219818459s: 5 minutes, 1 second, 219 milliseconds
[ Info: 16.0% complete...
[ Info:  started timer at: 2022-01-27T02:23:58.210
[ Info: 600 particles simulated in:
[ Info:         295.47617575s: 4 minutes, 55 seconds, 476 milliseconds
[ Info: 17.0% complete...
[ Info:  started timer at: 2022-01-27T02:28:53.688
[ Info: 600 particles simulated in:
[ Info:        296.637313625s: 4 minutes, 56 seconds, 637 milliseconds
[ Info: 18.0% complete...
[ Info:  started timer at: 2022-01-27T02:33:50.328
[ Info: 600 particles simulated in:
[ Info:        300.121502417s: 5 minutes, 121 milliseconds
[ Info: 19.0% complete...
[ Info:  started timer at: 2022-01-27T02:38:50.451
[ Info: 600 particles simulated in:
[ Info:        301.328964917s: 5 minutes, 1 second, 328 milliseconds
[ Info: 20.0% complete...
[ Info:  started timer at: 2022-01-27T02:43:51.783
[ Info: 600 particles simulated in:
[ Info:          293.7968995s: 4 minutes, 53 seconds, 796 milliseconds
[ Info: 21.0% complete...
[ Info:  started timer at: 2022-01-27T02:48:45.563
[ Info: 600 particles simulated in:
[ Info:        294.718184208s: 4 minutes, 54 seconds, 718 milliseconds
[ Info: 22.0% complete...
[ Info:  started timer at: 2022-01-27T02:53:40.281
[ Info: 600 particles simulated in:
[ Info:        294.414139125s: 4 minutes, 54 seconds, 414 milliseconds
[ Info: 23.0% complete...
[ Info:  started timer at: 2022-01-27T02:58:34.696
[ Info: 600 particles simulated in:
[ Info:        298.250117583s: 4 minutes, 58 seconds, 250 milliseconds
[ Info: 24.0% complete...
[ Info:  started timer at: 2022-01-27T03:03:32.947
[ Info: 600 particles simulated in:
[ Info:         298.96716975s: 4 minutes, 58 seconds, 967 milliseconds
[ Info: 25.0% complete...
[ Info:  started timer at: 2022-01-27T03:08:31.914
[ Info: 600 particles simulated in:
[ Info:        298.210860666s: 4 minutes, 58 seconds, 210 milliseconds
[ Info: 26.0% complete...
[ Info:  started timer at: 2022-01-27T03:13:30.151
[ Info: 600 particles simulated in:
[ Info:        299.082321833s: 4 minutes, 59 seconds, 82 milliseconds
[ Info: 27.0% complete...
[ Info:  started timer at: 2022-01-27T03:18:29.236
[ Info: 600 particles simulated in:
[ Info:        301.355521792s: 5 minutes, 1 second, 355 milliseconds
[ Info: 28.0% complete...
[ Info:  started timer at: 2022-01-27T03:23:30.594
[ Info: 600 particles simulated in:
[ Info:        296.647704459s: 4 minutes, 56 seconds, 647 milliseconds
[ Info: 29.0% complete...
[ Info:  started timer at: 2022-01-27T03:28:27.244
[ Info: 600 particles simulated in:
[ Info:          297.8069835s: 4 minutes, 57 seconds, 806 milliseconds
[ Info: 30.0% complete...
[ Info:  started timer at: 2022-01-27T03:33:25.054
[ Info: 600 particles simulated in:
[ Info:          301.1811855s: 5 minutes, 1 second, 181 milliseconds
[ Info: 31.0% complete...
[ Info:  started timer at: 2022-01-27T03:38:26.238
[ Info: 600 particles simulated in:
[ Info:        302.306055125s: 5 minutes, 2 seconds, 306 milliseconds
[ Info: 32.0% complete...
[ Info:  started timer at: 2022-01-27T03:43:28.455
[ Info: 600 particles simulated in:
[ Info:         294.15512725s: 4 minutes, 54 seconds, 155 milliseconds
[ Info: 33.0% complete...
[ Info:  started timer at: 2022-01-27T03:48:22.605
[ Info: 600 particles simulated in:
[ Info:        294.473771459s: 4 minutes, 54 seconds, 473 milliseconds
[ Info: 34.0% complete...
[ Info:  started timer at: 2022-01-27T03:53:17.074
[ Info: 600 particles simulated in:
[ Info:        295.174638791s: 4 minutes, 55 seconds, 174 milliseconds
[ Info: 35.0% complete...
[ Info:  started timer at: 2022-01-27T03:58:12.243
[ Info: 600 particles simulated in:
[ Info:         298.77295425s: 4 minutes, 58 seconds, 772 milliseconds
[ Info: 36.0% complete...
[ Info:  started timer at: 2022-01-27T04:03:11.011
[ Info: 600 particles simulated in:
[ Info:           298.709193s: 4 minutes, 58 seconds, 709 milliseconds
[ Info: 37.0% complete...
[ Info:  started timer at: 2022-01-27T04:08:09.715
[ Info: 600 particles simulated in:
[ Info:        298.759336833s: 4 minutes, 58 seconds, 759 milliseconds
[ Info: 38.0% complete...
[ Info:  started timer at: 2022-01-27T04:13:08.496
[ Info: 600 particles simulated in:
[ Info:        299.698035417s: 4 minutes, 59 seconds, 698 milliseconds
[ Info: 39.0% complete...
[ Info:  started timer at: 2022-01-27T04:18:08.192
[ Info: 600 particles simulated in:
[ Info:        302.395366083s: 5 minutes, 2 seconds, 395 milliseconds
[ Info: 40.0% complete...
[ Info:  started timer at: 2022-01-27T04:23:10.584
[ Info: 600 particles simulated in:
[ Info:        297.646664666s: 4 minutes, 57 seconds, 646 milliseconds
[ Info: 41.0% complete...
[ Info:  started timer at: 2022-01-27T04:28:08.228
[ Info: 600 particles simulated in:
[ Info:        298.643834708s: 4 minutes, 58 seconds, 643 milliseconds
[ Info: 42.0% complete...
[ Info:  started timer at: 2022-01-27T04:33:06.945
[ Info: 600 particles simulated in:
[ Info:        301.930033916s: 5 minutes, 1 second, 930 milliseconds
[ Info: 43.0% complete...
[ Info:  started timer at: 2022-01-27T04:38:08.878
[ Info: 600 particles simulated in:
[ Info:        304.041071125s: 5 minutes, 4 seconds, 41 milliseconds
[ Info: 44.0% complete...
[ Info:  started timer at: 2022-01-27T04:43:12.922
[ Info: 600 particles simulated in:
[ Info:        295.420998083s: 4 minutes, 55 seconds, 420 milliseconds
[ Info: 45.0% complete...
[ Info:  started timer at: 2022-01-27T04:48:08.347
[ Info: 600 particles simulated in:
[ Info:        295.729367958s: 4 minutes, 55 seconds, 729 milliseconds
[ Info: 46.0% complete...
[ Info:  started timer at: 2022-01-27T04:53:04.079
[ Info: 600 particles simulated in:
[ Info:        296.500359208s: 4 minutes, 56 seconds, 500 milliseconds
[ Info: 47.0% complete...
[ Info:  started timer at: 2022-01-27T04:58:00.583
[ Info: 600 particles simulated in:
[ Info:        300.421999458s: 5 minutes, 421 milliseconds
[ Info: 48.0% complete...
[ Info:  started timer at: 2022-01-27T05:03:01.008
[ Info: 600 particles simulated in:
[ Info:        299.794035833s: 4 minutes, 59 seconds, 794 milliseconds
[ Info: 49.0% complete...
[ Info:  started timer at: 2022-01-27T05:08:00.805
[ Info: 600 particles simulated in:
[ Info:          300.2656305s: 5 minutes, 265 milliseconds
[ Info: 50.0% complete...
[ Info:  started timer at: 2022-01-27T05:13:01.074
[ Info: 600 particles simulated in:
[ Info:        301.240526042s: 5 minutes, 1 second, 240 milliseconds
[ Info: 51.0% complete...
[ Info:  started timer at: 2022-01-27T05:18:02.272
[ Info: 600 particles simulated in:
[ Info:        303.558512666s: 5 minutes, 3 seconds, 558 milliseconds
[ Info: 52.0% complete...
[ Info:  started timer at: 2022-01-27T05:23:05.830
[ Info: 600 particles simulated in:
[ Info:        299.403464541s: 4 minutes, 59 seconds, 403 milliseconds
[ Info: 53.0% complete...
[ Info:  started timer at: 2022-01-27T05:28:05.234
[ Info: 600 particles simulated in:
[ Info:        299.518778208s: 4 minutes, 59 seconds, 518 milliseconds
[ Info: 54.0% complete...
[ Info:  started timer at: 2022-01-27T05:33:04.752
[ Info: 600 particles simulated in:
[ Info:        302.440123834s: 5 minutes, 2 seconds, 440 milliseconds
[ Info: 55.0% complete...
[ Info:  started timer at: 2022-01-27T05:38:07.170
[ Info: 600 particles simulated in:
[ Info:        304.159139208s: 5 minutes, 4 seconds, 159 milliseconds
[ Info: 56.0% complete...
[ Info:  started timer at: 2022-01-27T05:43:11.328
[ Info: 600 particles simulated in:
[ Info:        296.246558042s: 4 minutes, 56 seconds, 246 milliseconds
[ Info: 57.0% complete...
[ Info:  started timer at: 2022-01-27T05:48:07.573
[ Info: 600 particles simulated in:
[ Info:        296.207325209s: 4 minutes, 56 seconds, 207 milliseconds
[ Info: 58.0% complete...
[ Info:  started timer at: 2022-01-27T05:53:03.779
[ Info: 600 particles simulated in:
[ Info:        297.846518875s: 4 minutes, 57 seconds, 846 milliseconds
[ Info: 59.0% complete...
[ Info:  started timer at: 2022-01-27T05:58:01.624
[ Info: 600 particles simulated in:
[ Info:        301.202602209s: 5 minutes, 1 second, 202 milliseconds
[ Info: 60.0% complete...
[ Info:  started timer at: 2022-01-27T06:03:02.824
[ Info: 600 particles simulated in:
[ Info:         300.93237175s: 5 minutes, 932 milliseconds
[ Info: 61.0% complete...
[ Info:  started timer at: 2022-01-27T06:08:03.681
[ Info: 600 particles simulated in:
[ Info:        300.235452584s: 5 minutes, 235 milliseconds
[ Info: 62.0% complete...
[ Info:  started timer at: 2022-01-27T06:13:03.909
[ Info: 600 particles simulated in:
[ Info:        300.164091791s: 5 minutes, 164 milliseconds
[ Info: 63.0% complete...
[ Info:  started timer at: 2022-01-27T06:18:04.065
[ Info: 600 particles simulated in:
[ Info:        303.285381916s: 5 minutes, 3 seconds, 285 milliseconds
[ Info: 64.0% complete...
[ Info:  started timer at: 2022-01-27T06:23:07.343
[ Info: 600 particles simulated in:
[ Info:        298.437141333s: 4 minutes, 58 seconds, 437 milliseconds
[ Info: 65.0% complete...
[ Info:  started timer at: 2022-01-27T06:28:05.773
[ Info: 600 particles simulated in:
[ Info:        300.013606583s: 5 minutes, 13 milliseconds
[ Info: 66.0% complete...
[ Info:  started timer at: 2022-01-27T06:33:05.779
[ Info: 600 particles simulated in:
[ Info:        303.166723083s: 5 minutes, 3 seconds, 166 milliseconds
[ Info: 67.0% complete...
[ Info:  started timer at: 2022-01-27T06:38:08.938
[ Info: 600 particles simulated in:
[ Info:        304.835603542s: 5 minutes, 4 seconds, 835 milliseconds
[ Info: 68.0% complete...
[ Info:  started timer at: 2022-01-27T06:43:13.766
[ Info: 600 particles simulated in:
[ Info:           296.092124s: 4 minutes, 56 seconds, 92 milliseconds
[ Info: 69.0% complete...
[ Info:  started timer at: 2022-01-27T06:48:09.851
[ Info: 600 particles simulated in:
[ Info:         296.28160825s: 4 minutes, 56 seconds, 281 milliseconds
[ Info: 70.0% complete...
[ Info:  started timer at: 2022-01-27T06:53:06.125
[ Info: 600 particles simulated in:
[ Info:         296.31805425s: 4 minutes, 56 seconds, 318 milliseconds
[ Info: 71.0% complete...
[ Info:  started timer at: 2022-01-27T06:58:02.436
[ Info: 600 particles simulated in:
[ Info:         300.36799075s: 5 minutes, 367 milliseconds
[ Info: 72.0% complete...
[ Info:  started timer at: 2022-01-27T07:03:02.969
[ Info: 600 particles simulated in:
[ Info:        300.196756917s: 5 minutes, 196 milliseconds
[ Info: 73.0% complete...
[ Info:  started timer at: 2022-01-27T07:08:03.170
[ Info: 600 particles simulated in:
[ Info:           299.944066s: 4 minutes, 59 seconds, 944 milliseconds
[ Info: 74.0% complete...
[ Info:  started timer at: 2022-01-27T07:13:03.119
[ Info: 600 particles simulated in:
[ Info:        300.856566083s: 5 minutes, 856 milliseconds
[ Info: 75.0% complete...
[ Info:  started timer at: 2022-01-27T07:18:03.979
[ Info: 600 particles simulated in:
[ Info:        303.524601583s: 5 minutes, 3 seconds, 524 milliseconds
[ Info: 76.0% complete...
[ Info:  started timer at: 2022-01-27T07:23:07.508
[ Info: 600 particles simulated in:
[ Info:        298.331054875s: 4 minutes, 58 seconds, 331 milliseconds
[ Info: 77.0% complete...
[ Info:  started timer at: 2022-01-27T07:28:05.897
[ Info: 600 particles simulated in:
[ Info:        299.552001791s: 4 minutes, 59 seconds, 552 milliseconds
[ Info: 78.0% complete...
[ Info:  started timer at: 2022-01-27T07:33:05.457
[ Info: 600 particles simulated in:
[ Info:        302.508346209s: 5 minutes, 2 seconds, 508 milliseconds
[ Info: 79.0% complete...
[ Info:  started timer at: 2022-01-27T07:38:07.974
[ Info: 600 particles simulated in:
[ Info:        303.853484292s: 5 minutes, 3 seconds, 853 milliseconds
[ Info: 80.0% complete...
[ Info:  started timer at: 2022-01-27T07:43:11.836
[ Info: 600 particles simulated in:
[ Info:           295.573353s: 4 minutes, 55 seconds, 573 milliseconds
[ Info: 81.0% complete...
[ Info:  started timer at: 2022-01-27T07:48:07.418
[ Info: 600 particles simulated in:
[ Info:        296.365704375s: 4 minutes, 56 seconds, 365 milliseconds
[ Info: 82.0% complete...
[ Info:  started timer at: 2022-01-27T07:53:03.792
[ Info: 600 particles simulated in:
[ Info:        296.112163917s: 4 minutes, 56 seconds, 112 milliseconds
[ Info: 83.0% complete...
[ Info:  started timer at: 2022-01-27T07:57:59.872
[ Info: 600 particles simulated in:
[ Info:        300.116658291s: 5 minutes, 116 milliseconds
[ Info: 84.0% complete...
[ Info:  started timer at: 2022-01-27T08:02:59.994
[ Info: 600 particles simulated in:
[ Info:        300.250174917s: 5 minutes, 250 milliseconds
[ Info: 85.0% complete...
[ Info:  started timer at: 2022-01-27T08:08:00.249
[ Info: 600 particles simulated in:
[ Info:        299.381353833s: 4 minutes, 59 seconds, 381 milliseconds
[ Info: 86.0% complete...
[ Info:  started timer at: 2022-01-27T08:12:59.636
[ Info: 600 particles simulated in:
[ Info:        300.142561458s: 5 minutes, 142 milliseconds
[ Info: 87.0% complete...
[ Info:  started timer at: 2022-01-27T08:17:59.783
[ Info: 600 particles simulated in:
[ Info:          302.7558195s: 5 minutes, 2 seconds, 755 milliseconds
[ Info: 88.0% complete...
[ Info:  started timer at: 2022-01-27T08:23:02.546
[ Info: 600 particles simulated in:
[ Info:        297.530549417s: 4 minutes, 57 seconds, 530 milliseconds
[ Info: 89.0% complete...
[ Info:  started timer at: 2022-01-27T08:28:00.086
[ Info: 600 particles simulated in:
[ Info:        298.797642791s: 4 minutes, 58 seconds, 797 milliseconds
[ Info: 90.0% complete...
[ Info:  started timer at: 2022-01-27T08:32:58.889
[ Info: 600 particles simulated in:
[ Info:        302.026165417s: 5 minutes, 2 seconds, 26 milliseconds
[ Info: 91.0% complete...
[ Info:  started timer at: 2022-01-27T08:38:00.921
[ Info: 600 particles simulated in:
[ Info:        302.776417709s: 5 minutes, 2 seconds, 776 milliseconds
[ Info: 92.0% complete...
[ Info:  started timer at: 2022-01-27T08:43:03.703
[ Info: 600 particles simulated in:
[ Info:        294.904702875s: 4 minutes, 54 seconds, 904 milliseconds
[ Info: 93.0% complete...
[ Info:  started timer at: 2022-01-27T08:47:58.612
[ Info: 600 particles simulated in:
[ Info:        295.731807625s: 4 minutes, 55 seconds, 731 milliseconds
[ Info: 94.0% complete...
[ Info:  started timer at: 2022-01-27T08:52:54.349
[ Info: 600 particles simulated in:
[ Info:        295.495685167s: 4 minutes, 55 seconds, 495 milliseconds
[ Info: 95.0% complete...
[ Info:  started timer at: 2022-01-27T08:57:49.850
[ Info: 600 particles simulated in:
[ Info:         299.72362225s: 4 minutes, 59 seconds, 723 milliseconds
[ Info: 96.0% complete...
[ Info:  started timer at: 2022-01-27T09:02:49.579
[ Info: 600 particles simulated in:
[ Info:        299.501100167s: 4 minutes, 59 seconds, 501 milliseconds
[ Info: 97.0% complete...
[ Info:  started timer at: 2022-01-27T09:07:49.086
[ Info: 600 particles simulated in:
[ Info:        299.126968291s: 4 minutes, 59 seconds, 126 milliseconds
[ Info: 98.0% complete...
[ Info:  started timer at: 2022-01-27T09:12:48.218
[ Info: 600 particles simulated in:
[ Info:        299.281020375s: 4 minutes, 59 seconds, 281 milliseconds
[ Info: 99.0% complete...
[ Info:  started timer at: 2022-01-27T09:17:47.455
[ Info: 600 particles simulated in:
[ Info:         301.64927675s: 5 minutes, 1 second, 649 milliseconds
[ Info: 100.0% complete...
[ Info:  started timer at: 2022-01-27T09:22:49.106
[ Info: 600 particles simulated in:
[ Info:           297.734328s: 4 minutes, 57 seconds, 734 milliseconds
[ Info: 101.0% complete...
[ Info:  started timer at: 2022-01-27T09:27:46.841
[ Info: 600 particles simulated in:
[ Info:        297.951986167s: 4 minutes, 57 seconds, 951 milliseconds
[ Info: 102.0% complete...
[ Info:  started timer at: 2022-01-27T09:32:44.795
[ Info: 600 particles simulated in:
[ Info:        301.250629167s: 5 minutes, 1 second, 250 milliseconds
[ Info: 103.0% complete...
[ Info:  started timer at: 2022-01-27T09:37:46.046
[ Info: 600 particles simulated in:
[ Info:        302.212666917s: 5 minutes, 2 seconds, 212 milliseconds
[ Info: 104.0% complete...
[ Info:  started timer at: 2022-01-27T09:42:48.223
[ Info: 600 particles simulated in:
[ Info:        293.490936875s: 4 minutes, 53 seconds, 490 milliseconds
[ Info: 105.0% complete...
[ Info:  started timer at: 2022-01-27T09:47:41.704
[ Info: 600 particles simulated in:
[ Info:           293.927475s: 4 minutes, 53 seconds, 927 milliseconds
[ Info: 106.0% complete...
[ Info:  started timer at: 2022-01-27T09:52:35.629
[ Info: 600 particles simulated in:
[ Info:        294.282652375s: 4 minutes, 54 seconds, 282 milliseconds
[ Info: 107.0% complete...
[ Info:  started timer at: 2022-01-27T09:57:29.909
[ Info: 600 particles simulated in:
[ Info:            298.46831s: 4 minutes, 58 seconds, 468 milliseconds
[ Info: 108.0% complete...
[ Info:  started timer at: 2022-01-27T10:02:28.374
[ Info: 600 particles simulated in:
[ Info:        298.446892875s: 4 minutes, 58 seconds, 446 milliseconds
[ Info: 109.0% complete...
[ Info:  started timer at: 2022-01-27T10:07:26.819
[ Info: 600 particles simulated in:
[ Info:        298.920251458s: 4 minutes, 58 seconds, 920 milliseconds
[ Info: 110.0% complete...
[ Info:  started timer at: 2022-01-27T10:12:25.710
[ Info: 600 particles simulated in:
[ Info:        299.088827292s: 4 minutes, 59 seconds, 88 milliseconds
[ Info: 111.0% complete...
[ Info:  started timer at: 2022-01-27T10:17:24.794
[ Info: 600 particles simulated in:
[ Info:        301.450613625s: 5 minutes, 1 second, 450 milliseconds
[ Info: 112.0% complete...
[ Info:  started timer at: 2022-01-27T10:22:26.239
[ Info: 600 particles simulated in:
[ Info:           295.734246s: 4 minutes, 55 seconds, 734 milliseconds
[ Info: 113.0% complete...
[ Info:  started timer at: 2022-01-27T10:27:21.969
[ Info: 600 particles simulated in:
[ Info:        296.455110125s: 4 minutes, 56 seconds, 455 milliseconds
[ Info: 114.0% complete...
[ Info:  started timer at: 2022-01-27T10:32:18.419
